{"/Users/natedogg/Desktop/toy-robot-coding-challenge/server/src/robot.ts": {"path":"/Users/natedogg/Desktop/toy-robot-coding-challenge/server/src/robot.ts","statementMap":{"0":{"start":{"line":1,"column":0},"end":{"line":1,"column":51}},"1":{"start":{"line":14,"column":4},"end":{"line":14,"column":23}},"2":{"start":{"line":15,"column":4},"end":{"line":15,"column":23}},"3":{"start":{"line":16,"column":4},"end":{"line":16,"column":39}},"4":{"start":{"line":17,"column":4},"end":{"line":17,"column":23}},"5":{"start":{"line":21,"column":4},"end":{"line":21,"column":72}},"6":{"start":{"line":25,"column":4},"end":{"line":33,"column":5}},"7":{"start":{"line":26,"column":6},"end":{"line":26,"column":17}},"8":{"start":{"line":27,"column":6},"end":{"line":27,"column":17}},"9":{"start":{"line":28,"column":6},"end":{"line":28,"column":33}},"10":{"start":{"line":30,"column":6},"end":{"line":32,"column":8}},"11":{"start":{"line":37,"column":4},"end":{"line":39,"column":5}},"12":{"start":{"line":38,"column":6},"end":{"line":38,"column":49}},"13":{"start":{"line":41,"column":4},"end":{"line":41,"column":31}},"14":{"start":{"line":45,"column":4},"end":{"line":47,"column":5}},"15":{"start":{"line":46,"column":6},"end":{"line":46,"column":79}},"16":{"start":{"line":49,"column":4},"end":{"line":61,"column":5}},"17":{"start":{"line":51,"column":8},"end":{"line":51,"column":53}},"18":{"start":{"line":51,"column":41},"end":{"line":51,"column":53}},"19":{"start":{"line":52,"column":8},"end":{"line":52,"column":14}},"20":{"start":{"line":54,"column":8},"end":{"line":54,"column":36}},"21":{"start":{"line":54,"column":24},"end":{"line":54,"column":36}},"22":{"start":{"line":55,"column":8},"end":{"line":55,"column":14}},"23":{"start":{"line":57,"column":8},"end":{"line":57,"column":53}},"24":{"start":{"line":57,"column":41},"end":{"line":57,"column":53}},"25":{"start":{"line":59,"column":8},"end":{"line":59,"column":36}},"26":{"start":{"line":59,"column":24},"end":{"line":59,"column":36}},"27":{"start":{"line":60,"column":8},"end":{"line":60,"column":14}},"28":{"start":{"line":65,"column":4},"end":{"line":69,"column":5}},"29":{"start":{"line":66,"column":6},"end":{"line":68,"column":8}},"30":{"start":{"line":71,"column":36},"end":{"line":76,"column":6}},"31":{"start":{"line":78,"column":25},"end":{"line":78,"column":59}},"32":{"start":{"line":79,"column":4},"end":{"line":79,"column":56}},"33":{"start":{"line":83,"column":4},"end":{"line":87,"column":5}},"34":{"start":{"line":84,"column":6},"end":{"line":86,"column":8}},"35":{"start":{"line":89,"column":37},"end":{"line":94,"column":6}},"36":{"start":{"line":96,"column":25},"end":{"line":96,"column":60}},"37":{"start":{"line":97,"column":4},"end":{"line":97,"column":57}},"38":{"start":{"line":101,"column":4},"end":{"line":105,"column":5}},"39":{"start":{"line":102,"column":6},"end":{"line":104,"column":8}},"40":{"start":{"line":107,"column":4},"end":{"line":111,"column":6}},"41":{"start":{"line":115,"column":0},"end":{"line":115,"column":21}}},"fnMap":{"0":{"name":"(anonymous_0)","decl":{"start":{"line":9,"column":2},"end":{"line":9,"column":null}},"loc":{"start":{"line":12,"column":32},"end":{"line":18,"column":3}}},"1":{"name":"(anonymous_1)","decl":{"start":{"line":20,"column":10},"end":{"line":20,"column":25}},"loc":{"start":{"line":20,"column":46},"end":{"line":22,"column":3}}},"2":{"name":"(anonymous_2)","decl":{"start":{"line":24,"column":2},"end":{"line":24,"column":7}},"loc":{"start":{"line":24,"column":50},"end":{"line":34,"column":3}}},"3":{"name":"(anonymous_3)","decl":{"start":{"line":36,"column":2},"end":{"line":36,"column":14}},"loc":{"start":{"line":36,"column":35},"end":{"line":42,"column":3}}},"4":{"name":"(anonymous_4)","decl":{"start":{"line":44,"column":2},"end":{"line":44,"column":6}},"loc":{"start":{"line":44,"column":6},"end":{"line":62,"column":3}}},"5":{"name":"(anonymous_5)","decl":{"start":{"line":64,"column":2},"end":{"line":64,"column":6}},"loc":{"start":{"line":64,"column":6},"end":{"line":80,"column":3}}},"6":{"name":"(anonymous_6)","decl":{"start":{"line":82,"column":2},"end":{"line":82,"column":7}},"loc":{"start":{"line":82,"column":7},"end":{"line":98,"column":3}}},"7":{"name":"(anonymous_7)","decl":{"start":{"line":100,"column":2},"end":{"line":100,"column":8}},"loc":{"start":{"line":100,"column":8},"end":{"line":112,"column":3}}}},"branchMap":{"0":{"loc":{"start":{"line":14,"column":13},"end":{"line":14,"column":22}},"type":"cond-expr","locations":[{"start":{"line":14,"column":13},"end":{"line":14,"column":14}},{"start":{"line":14,"column":18},"end":{"line":14,"column":22}}]},"1":{"loc":{"start":{"line":14,"column":13},"end":{"line":14,"column":18}},"type":"binary-expr","locations":[{"start":{"line":14,"column":13},"end":{"line":14,"column":18}},{"start":{"line":14,"column":13},"end":{"line":14,"column":18}}]},"2":{"loc":{"start":{"line":15,"column":13},"end":{"line":15,"column":22}},"type":"cond-expr","locations":[{"start":{"line":15,"column":13},"end":{"line":15,"column":14}},{"start":{"line":15,"column":18},"end":{"line":15,"column":22}}]},"3":{"loc":{"start":{"line":15,"column":13},"end":{"line":15,"column":18}},"type":"binary-expr","locations":[{"start":{"line":15,"column":13},"end":{"line":15,"column":18}},{"start":{"line":15,"column":13},"end":{"line":15,"column":18}}]},"4":{"loc":{"start":{"line":16,"column":21},"end":{"line":16,"column":38}},"type":"cond-expr","locations":[{"start":{"line":16,"column":21},"end":{"line":16,"column":30}},{"start":{"line":16,"column":34},"end":{"line":16,"column":38}}]},"5":{"loc":{"start":{"line":16,"column":21},"end":{"line":16,"column":34}},"type":"binary-expr","locations":[{"start":{"line":16,"column":21},"end":{"line":16,"column":34}},{"start":{"line":16,"column":21},"end":{"line":16,"column":34}}]},"6":{"loc":{"start":{"line":21,"column":11},"end":{"line":21,"column":71}},"type":"binary-expr","locations":[{"start":{"line":21,"column":11},"end":{"line":21,"column":17}},{"start":{"line":21,"column":21},"end":{"line":21,"column":39}},{"start":{"line":21,"column":43},"end":{"line":21,"column":49}},{"start":{"line":21,"column":53},"end":{"line":21,"column":71}}]},"7":{"loc":{"start":{"line":25,"column":4},"end":{"line":33,"column":5}},"type":"if","locations":[{"start":{"line":25,"column":4},"end":{"line":33,"column":5}},{"start":{"line":29,"column":11},"end":{"line":33,"column":5}}]},"8":{"loc":{"start":{"line":37,"column":4},"end":{"line":39,"column":5}},"type":"if","locations":[{"start":{"line":37,"column":4},"end":{"line":39,"column":5}}]},"9":{"loc":{"start":{"line":37,"column":8},"end":{"line":37,"column":42}},"type":"binary-expr","locations":[{"start":{"line":37,"column":8},"end":{"line":37,"column":23}},{"start":{"line":37,"column":27},"end":{"line":37,"column":42}}]},"10":{"loc":{"start":{"line":45,"column":4},"end":{"line":47,"column":5}},"type":"if","locations":[{"start":{"line":45,"column":4},"end":{"line":47,"column":5}}]},"11":{"loc":{"start":{"line":45,"column":8},"end":{"line":45,"column":69}},"type":"binary-expr","locations":[{"start":{"line":45,"column":8},"end":{"line":45,"column":23}},{"start":{"line":45,"column":27},"end":{"line":45,"column":42}},{"start":{"line":45,"column":46},"end":{"line":45,"column":69}}]},"12":{"loc":{"start":{"line":49,"column":4},"end":{"line":61,"column":5}},"type":"switch","locations":[{"start":{"line":50,"column":6},"end":{"line":52,"column":14}},{"start":{"line":53,"column":6},"end":{"line":55,"column":14}},{"start":{"line":56,"column":6},"end":{"line":57,"column":53}},{"start":{"line":58,"column":6},"end":{"line":60,"column":14}}]},"13":{"loc":{"start":{"line":51,"column":8},"end":{"line":51,"column":53}},"type":"if","locations":[{"start":{"line":51,"column":8},"end":{"line":51,"column":53}}]},"14":{"loc":{"start":{"line":54,"column":8},"end":{"line":54,"column":36}},"type":"if","locations":[{"start":{"line":54,"column":8},"end":{"line":54,"column":36}}]},"15":{"loc":{"start":{"line":57,"column":8},"end":{"line":57,"column":53}},"type":"if","locations":[{"start":{"line":57,"column":8},"end":{"line":57,"column":53}}]},"16":{"loc":{"start":{"line":59,"column":8},"end":{"line":59,"column":36}},"type":"if","locations":[{"start":{"line":59,"column":8},"end":{"line":59,"column":36}}]},"17":{"loc":{"start":{"line":65,"column":4},"end":{"line":69,"column":5}},"type":"if","locations":[{"start":{"line":65,"column":4},"end":{"line":69,"column":5}}]},"18":{"loc":{"start":{"line":65,"column":8},"end":{"line":65,"column":69}},"type":"binary-expr","locations":[{"start":{"line":65,"column":8},"end":{"line":65,"column":23}},{"start":{"line":65,"column":27},"end":{"line":65,"column":42}},{"start":{"line":65,"column":46},"end":{"line":65,"column":69}}]},"19":{"loc":{"start":{"line":83,"column":4},"end":{"line":87,"column":5}},"type":"if","locations":[{"start":{"line":83,"column":4},"end":{"line":87,"column":5}}]},"20":{"loc":{"start":{"line":83,"column":8},"end":{"line":83,"column":69}},"type":"binary-expr","locations":[{"start":{"line":83,"column":8},"end":{"line":83,"column":23}},{"start":{"line":83,"column":27},"end":{"line":83,"column":42}},{"start":{"line":83,"column":46},"end":{"line":83,"column":69}}]},"21":{"loc":{"start":{"line":101,"column":4},"end":{"line":105,"column":5}},"type":"if","locations":[{"start":{"line":101,"column":4},"end":{"line":105,"column":5}}]},"22":{"loc":{"start":{"line":101,"column":8},"end":{"line":101,"column":69}},"type":"binary-expr","locations":[{"start":{"line":101,"column":8},"end":{"line":101,"column":23}},{"start":{"line":101,"column":27},"end":{"line":101,"column":42}},{"start":{"line":101,"column":46},"end":{"line":101,"column":69}}]}},"s":{"0":1,"1":1,"2":1,"3":1,"4":1,"5":1,"6":1,"7":0,"8":0,"9":0,"10":1,"11":0,"12":0,"13":0,"14":0,"15":0,"16":0,"17":0,"18":0,"19":0,"20":0,"21":0,"22":0,"23":0,"24":0,"25":0,"26":0,"27":0,"28":0,"29":0,"30":0,"31":0,"32":0,"33":0,"34":0,"35":0,"36":0,"37":0,"38":0,"39":0,"40":0,"41":1},"f":{"0":1,"1":1,"2":1,"3":0,"4":0,"5":0,"6":0,"7":0},"b":{"0":[0,1],"1":[1,1],"2":[0,1],"3":[1,1],"4":[0,1],"5":[1,1],"6":[1,0,0,0],"7":[0,1],"8":[0],"9":[0,0],"10":[0],"11":[0,0,0],"12":[0,0,0,0],"13":[0],"14":[0],"15":[0],"16":[0],"17":[0],"18":[0,0,0],"19":[0],"20":[0,0,0],"21":[0],"22":[0,0,0]}}
,"/Users/natedogg/Desktop/toy-robot-coding-challenge/server/src/types.ts": {"path":"/Users/natedogg/Desktop/toy-robot-coding-challenge/server/src/types.ts","statementMap":{"0":{"start":{"line":1,"column":0},"end":{"line":1,"column":null}},"1":{"start":{"line":2,"column":2},"end":{"line":2,"column":null}},"2":{"start":{"line":3,"column":2},"end":{"line":3,"column":null}},"3":{"start":{"line":4,"column":2},"end":{"line":4,"column":null}},"4":{"start":{"line":5,"column":2},"end":{"line":5,"column":null}}},"fnMap":{"0":{"name":"(anonymous_0)","decl":{"start":{"line":1,"column":0},"end":{"line":1,"column":12}},"loc":{"start":{"line":1,"column":21},"end":{"line":6,"column":1}}}},"branchMap":{"0":{"loc":{"start":{"line":1,"column":12},"end":{"line":1,"column":null}},"type":"binary-expr","locations":[{"start":{"line":1,"column":12},"end":{"line":1,"column":21}},{"start":{"line":1,"column":21},"end":{"line":1,"column":null}}]}},"s":{"0":1,"1":1,"2":1,"3":1,"4":1},"f":{"0":1},"b":{"0":[1,1]}}
}
